<?xml version="1.0" encoding="UTF-8"?>
<testsuite name="SeriesTest" tests="11" skipped="0" failures="0" errors="0" timestamp="2025-07-21T08:48:12" hostname="MSI" time="0.061">
  <properties/>
  <testcase name="slicesOfTwo()" classname="SeriesTest" time="0.04"/>
  <testcase name="sliceLengthNegative()" classname="SeriesTest" time="0.003"/>
  <testcase name="slicesOfTwoOverlap()" classname="SeriesTest" time="0.001"/>
  <testcase name="slicesOfLongSeries()" classname="SeriesTest" time="0.001"/>
  <testcase name="slicesOfOneFromOne()" classname="SeriesTest" time="0.001"/>
  <testcase name="slicesOfOneFromTwo()" classname="SeriesTest" time="0.0"/>
  <testcase name="sliceLengthZero()" classname="SeriesTest" time="0.002"/>
  <testcase name="sliceLengthIsWayToolarge()" classname="SeriesTest" time="0.001"/>
  <testcase name="sliceLengthIsToolarge()" classname="SeriesTest" time="0.002"/>
  <testcase name="slicesIncludeDuplicates()" classname="SeriesTest" time="0.002"/>
  <testcase name="emptySeries()" classname="SeriesTest" time="0.001"/>
  <system-out><![CDATA[]]></system-out>
  <system-err><![CDATA[]]></system-err>
</testsuite>
