<?xml version="1.0" encoding="UTF-8"?>
<testsuite name="StateOfTicTacToeTest" tests="27" skipped="0" failures="0" errors="0" timestamp="2025-07-21T22:51:37" hostname="MSI" time="0.095">
  <properties/>
  <testcase name="testFinishedGameWhereXWonViaMiddleRowVictory()" classname="StateOfTicTacToeTest" time="0.037"/>
  <testcase name="testFinishedGameWhereXWonViaARowAndAColumnVictory()" classname="StateOfTicTacToeTest" time="0.0"/>
  <testcase name="testFinishedGameWhereOWonViaRightColumnVictory()" classname="StateOfTicTacToeTest" time="0.002"/>
  <testcase name="testFinishedGameWhereXWonViaTwoDiagonalVictories()" classname="StateOfTicTacToeTest" time="0.002"/>
  <testcase name="testFinishedGameWhereOWonViaFallingDiagonalVictory()" classname="StateOfTicTacToeTest" time="0.001"/>
  <testcase name="testDraw()" classname="StateOfTicTacToeTest" time="0.004"/>
  <testcase name="testFinishedGameWhereXWonViaBottomRowVictory()" classname="StateOfTicTacToeTest" time="0.002"/>
  <testcase name="testAnotherDraw()" classname="StateOfTicTacToeTest" time="0.001"/>
  <testcase name="testFinishedGameWhereXWonViaRisingDiagonalVictory()" classname="StateOfTicTacToeTest" time="0.002"/>
  <testcase name="testFinishedGameWhereOWonViaMiddleRowVictory()" classname="StateOfTicTacToeTest" time="0.002"/>
  <testcase name="testFinishedGameWhereOWonViaMiddleColumnVictory()" classname="StateOfTicTacToeTest" time="0.002"/>
  <testcase name="testFinishedGameWhereOWonViaTopRowVictory()" classname="StateOfTicTacToeTest" time="0.001"/>
  <testcase name="testOngoingGameTwoMovesIn()" classname="StateOfTicTacToeTest" time="0.001"/>
  <testcase name="testFinishedGameWhereXWonViaMiddleColumnVictory()" classname="StateOfTicTacToeTest" time="0.001"/>
  <testcase name="testFinishedGameWhereOWonViaBottomRowVictory()" classname="StateOfTicTacToeTest" time="0.0"/>
  <testcase name="testFinishedGameWhereXWonViaTopRowVictory()" classname="StateOfTicTacToeTest" time="0.001"/>
  <testcase name="testFinishedGameWhereXWonViaFallingDiagonalVictory()" classname="StateOfTicTacToeTest" time="0.001"/>
  <testcase name="testOngoingGameFiveMovesIn()" classname="StateOfTicTacToeTest" time="0.0"/>
  <testcase name="testOngoingGameOneMoveIn()" classname="StateOfTicTacToeTest" time="0.001"/>
  <testcase name="testFinishedGameWhereXWonViaLeftColumnVictory()" classname="StateOfTicTacToeTest" time="0.001"/>
  <testcase name="testFinishedGameWhereXWonViaRightColumnVictory()" classname="StateOfTicTacToeTest" time="0.001"/>
  <testcase name="testInvalidBoardPlayersKeptPlayingAfterAWin()" classname="StateOfTicTacToeTest" time="0.003"/>
  <testcase name="testFinishedGameWhereOWonViaRisingDiagonalVictory()" classname="StateOfTicTacToeTest" time="0.001"/>
  <testcase name="testInvalidBoardXWentTwice()" classname="StateOfTicTacToeTest" time="0.001"/>
  <testcase name="testInvalidBoard()" classname="StateOfTicTacToeTest" time="0.0"/>
  <testcase name="testFinishedGameWhereOWonViaLeftColumnVictory()" classname="StateOfTicTacToeTest" time="0.001"/>
  <testcase name="testInvalidBoardOStarted()" classname="StateOfTicTacToeTest" time="0.001"/>
  <system-out><![CDATA[]]></system-out>
  <system-err><![CDATA[]]></system-err>
</testsuite>
