<?xml version="1.0" encoding="UTF-8"?>
<testsuite name="CryptoSquareTest" tests="1" skipped="0" failures="0" errors="0" timestamp="2025-07-28T10:16:29" hostname="MSI" time="24.458">
  <properties/>
  <testcase name="eightCharacterPlaintextResultsInThreeChunksWithATrailingSpace()" classname="CryptoSquareTest" time="24.458"/>
  <system-out><![CDATA[]]></system-out>
  <system-err><![CDATA[]]></system-err>
</testsuite>
