<?xml version="1.0" encoding="UTF-8"?>
<testsuite name="BowlingGameTest" tests="31" skipped="0" failures="0" errors="0" timestamp="2025-07-23T12:13:05" hostname="MSI" time="0.07">
  <properties/>
  <testcase name="canNotRollAfterBonusRollForSpare()" classname="BowlingGameTest" time="0.034"/>
  <testcase name="bonusRollForASpareInTheLastFrameMustBeRolledBeforeScoreCanBeCalculated()" classname="BowlingGameTest" time="0.001"/>
  <testcase name="aStrikeInTheLastFrameGetsATwoRollBonusThatIsCountedOnce()" classname="BowlingGameTest" time="0.002"/>
  <testcase name="twoRollsInAFrameCanNotScoreMoreThan10Points()" classname="BowlingGameTest" time="0.001"/>
  <testcase name="lastTwoStrikesFollowedByOnlyLastBonusWithNonStrikePoints()" classname="BowlingGameTest" time="0.001"/>
  <testcase name="twoBonusRollsAfterAStrikeInTheLastFrameCanNotScoreMoreThan10Points()" classname="BowlingGameTest" time="0.001"/>
  <testcase name="pointsScoredInTheRollAfterASpareAreCountedTwice()" classname="BowlingGameTest" time="0.001"/>
  <testcase name="bonusRollsForAStrikeInTheLastFrameMustBeRolledBeforeScoreCanBeCalculated()" classname="BowlingGameTest" time="0.001"/>
  <testcase name="aSpareInTheLastFrameGetsAOneRollBonusThatIsCountedOnce()" classname="BowlingGameTest" time="0.0"/>
  <testcase name="aStrikeEarnsTenPointsInFrameWithASingleRoll()" classname="BowlingGameTest" time="0.0"/>
  <testcase name="secondBonusRollAfterAStrikeInTheLastFrameCanNotScoreMoreThan10Points()" classname="BowlingGameTest" time="0.0"/>
  <testcase name="aSpareFollowedByZerosIsWorthTenPoints()" classname="BowlingGameTest" time="0.0"/>
  <testcase name="consecutiveStrikesEachGetTheTwoRollBonus()" classname="BowlingGameTest" time="0.0"/>
  <testcase name="anIncompleteGameCanNotBeScored()" classname="BowlingGameTest" time="0.001"/>
  <testcase name="rollsCanNotScoreNegativePoints()" classname="BowlingGameTest" time="0.001"/>
  <testcase name="bothBonusRollsForAStrikeInTheLastFrameMustBeRolledBeforeScoreCanBeCalculated()" classname="BowlingGameTest" time="0.001"/>
  <testcase name="aStrikeWithTheOneRollBonusAfterASpareInTheLastFrameDoesNotGetABonus()" classname="BowlingGameTest" time="0.001"/>
  <testcase name="anUnstartedGameCanNotBeScored()" classname="BowlingGameTest" time="0.001"/>
  <testcase name="rollingASpareWithTheTwoRollBonusDoesNotGetABonusRoll()" classname="BowlingGameTest" time="0.001"/>
  <testcase name="theSecondBonusRollsAfterAStrikeInTheLastFrameCanNotBeAStrikeIfTheFirstOneIsNotAStrike()" classname="BowlingGameTest" time="0.0"/>
  <testcase name="canNotRollIfGameAlreadyHasTenFrames()" classname="BowlingGameTest" time="0.0"/>
  <testcase name="bonusRollAfterAStrikeInTheLastFrameCanNotScoreMoreThan10Points()" classname="BowlingGameTest" time="0.0"/>
  <testcase name="allStrikesIsAPerfectGame()" classname="BowlingGameTest" time="0.001"/>
  <testcase name="canNotRollAfterBonusRollForStrike()" classname="BowlingGameTest" time="0.001"/>
  <testcase name="aRollCanNotScoreMoreThan10Points()" classname="BowlingGameTest" time="0.001"/>
  <testcase name="twoBonusRollsAfterAStrikeInTheLastFrameCanScoreMoreThan10PointsIfOneIsAStrike()" classname="BowlingGameTest" time="0.002"/>
  <testcase name="shouldBeAbleToScoreAGameWithNoStrikesOrSpares()" classname="BowlingGameTest" time="0.001"/>
  <testcase name="shouldBeAbleToScoreAGameWithAllZeros()" classname="BowlingGameTest" time="0.0"/>
  <testcase name="strikesWithTheTwoRollBonusDoNotGetBonusRolls()" classname="BowlingGameTest" time="0.0"/>
  <testcase name="consecutiveSparesEachGetAOneRollBonus()" classname="BowlingGameTest" time="0.0"/>
  <testcase name="pointsScoredInTheTwoRollsAfterAStrikeAreCountedTwiceAsABonus()" classname="BowlingGameTest" time="0.001"/>
  <system-out><![CDATA[]]></system-out>
  <system-err><![CDATA[]]></system-err>
</testsuite>
