<?xml version="1.0" encoding="UTF-8"?>
<testsuite name="GraphTest" tests="7" skipped="0" failures="0" errors="0" timestamp="2025-06-17T07:08:17" hostname="MSI" time="0.084">
  <properties/>
  <testcase name="empty graph" classname="GraphTest" time="0.061"/>
  <testcase name="graph with attributes" classname="GraphTest" time="0.007"/>
  <testcase name="graph with one edge with keywords" classname="GraphTest" time="0.005"/>
  <testcase name="graph with one edge" classname="GraphTest" time="0.001"/>
  <testcase name="graph with one node" classname="GraphTest" time="0.001"/>
  <testcase name="graph with one attribute" classname="GraphTest" time="0.001"/>
  <testcase name="graph with one node with keywords" classname="GraphTest" time="0.0"/>
  <system-out><![CDATA[]]></system-out>
  <system-err><![CDATA[]]></system-err>
</testsuite>
