<?xml version="1.0" encoding="UTF-8"?>
<testsuite name="FlowerFieldBoardTest" tests="12" skipped="0" failures="0" errors="0" timestamp="2025-07-24T06:49:21" hostname="MSI" time="0.061">
  <properties/>
  <testcase name="testInputBoardWithOnlyFlowers()" classname="FlowerFieldBoardTest" time="0.039"/>
  <testcase name="testInputBoardWithNoRowsAndNoColumns()" classname="FlowerFieldBoardTest" time="0.001"/>
  <testcase name="testInputBoardWithNoFlowers()" classname="FlowerFieldBoardTest" time="0.002"/>
  <testcase name="testInputBoardWithSingleColumnAndTwoFlowers()" classname="FlowerFieldBoardTest" time="0.001"/>
  <testcase name="testInputBoardWithFlowersInCross()" classname="FlowerFieldBoardTest" time="0.001"/>
  <testcase name="testInputBoardWithSingleColumnAndTwoFlowersAtEdges()" classname="FlowerFieldBoardTest" time="0.001"/>
  <testcase name="testInputBoardWithSingleRowAndTwoFlowersAtEdges()" classname="FlowerFieldBoardTest" time="0.001"/>
  <testcase name="testInputBoardWithFlowersAroundPerimeter()" classname="FlowerFieldBoardTest" time="0.0"/>
  <testcase name="testInputBoardWithSingleFlowerAtCenter()" classname="FlowerFieldBoardTest" time="0.0"/>
  <testcase name="testInputBoardWithOneRowAndNoColumns()" classname="FlowerFieldBoardTest" time="0.001"/>
  <testcase name="testInputBoardWithSingleRowAndTwoFlowers()" classname="FlowerFieldBoardTest" time="0.001"/>
  <testcase name="testLargeInputBoard()" classname="FlowerFieldBoardTest" time="0.0"/>
  <system-out><![CDATA[]]></system-out>
  <system-err><![CDATA[]]></system-err>
</testsuite>
