<?xml version="1.0" encoding="UTF-8"?>
<testsuite name="NucleotideCounterTest" tests="5" skipped="0" failures="0" errors="0" timestamp="2025-07-20T01:31:13" hostname="MSI" time="0.052">
  <properties/>
  <testcase name="testDnaStringHasOneNucleotide()" classname="NucleotideCounterTest" time="0.041"/>
  <testcase name="testDnaStringHasMultipleNucleotide()" classname="NucleotideCounterTest" time="0.001"/>
  <testcase name="testEmptyDnaStringHasNoNucleotides()" classname="NucleotideCounterTest" time="0.002"/>
  <testcase name="testDnaStringHasInvalidNucleotides()" classname="NucleotideCounterTest" time="0.002"/>
  <testcase name="testRepetitiveSequenceWithOnlyGuanine()" classname="NucleotideCounterTest" time="0.001"/>
  <system-out><![CDATA[]]></system-out>
  <system-err><![CDATA[]]></system-err>
</testsuite>
