<?xml version="1.0" encoding="UTF-8"?>
<testsuite name="SatelliteTest" tests="6" skipped="0" failures="0" errors="0" timestamp="2025-09-10T06:49:36" hostname="MSI" time="0.061">
  <properties/>
  <testcase name="rejectTraversalsWithRepeatedItems()" classname="SatelliteTest" time="0.039"/>
  <testcase name="rejectInconsistentTraversalsOfSameLength()" classname="SatelliteTest" time="0.0"/>
  <testcase name="emptyTree()" classname="SatelliteTest" time="0.009"/>
  <testcase name="treeWithOneItem()" classname="SatelliteTest" time="0.002"/>
  <testcase name="rejectTraversalsOfDifferentLengths()" classname="SatelliteTest" time="0.001"/>
  <testcase name="treeWithManyItems()" classname="SatelliteTest" time="0.002"/>
  <system-out><![CDATA[]]></system-out>
  <system-err><![CDATA[]]></system-err>
</testsuite>
