<?xml version="1.0" encoding="UTF-8"?>
<testsuite name="RelativeDistanceTest" tests="7" skipped="0" failures="0" errors="0" timestamp="2025-07-20T13:01:30" hostname="MSI" time="0.076">
  <properties/>
  <testcase name="testSiblingRelationship()" classname="RelativeDistanceTest" time="0.04"/>
  <testcase name="testDirectParentChildRelation()" classname="RelativeDistanceTest" time="0.001"/>
  <testcase name="testComplexGraphCousins()" classname="RelativeDistanceTest" time="0.007"/>
  <testcase name="testUnrelatedIndividuals()" classname="RelativeDistanceTest" time="0.003"/>
  <testcase name="testTwoDegreesOfSeparationGrandchild()" classname="RelativeDistanceTest" time="0.005"/>
  <testcase name="testComplexGraphNoShortcutFarRemovedNephew()" classname="RelativeDistanceTest" time="0.003"/>
  <testcase name="testComplexGraphSomeShortcutsCrossDownAndCrossUpCousinsSeveralTimesRemovedWithUnrelatedFamilyTree()" classname="RelativeDistanceTest" time="0.003"/>
  <system-out><![CDATA[]]></system-out>
  <system-err><![CDATA[]]></system-err>
</testsuite>
