<?xml version="1.0" encoding="UTF-8"?>
<testsuite name="BinarySearchTest" tests="11" skipped="0" failures="0" errors="0" timestamp="2025-07-22T23:19:03" hostname="MSI" time="0.056">
  <properties/>
  <testcase name="identifiesThatAValueIsNotFoundInTheArray()" classname="BinarySearchTest" time="0.036"/>
  <testcase name="nothingIsFoundWhenTheLeftAndRightBoundCross()" classname="BinarySearchTest" time="0.001"/>
  <testcase name="findsAValueInAnArrayWithOneElement()" classname="BinarySearchTest" time="0.003"/>
  <testcase name="findsAValueInAnArrayOfOddLength()" classname="BinarySearchTest" time="0.001"/>
  <testcase name="findsAValueAtTheEndOfAnArray()" classname="BinarySearchTest" time="0.001"/>
  <testcase name="aValueSmallerThanTheArraysSmallestValueIsNotFound()" classname="BinarySearchTest" time="0.001"/>
  <testcase name="findsAValueInAnArrayOfEvenLength()" classname="BinarySearchTest" time="0.001"/>
  <testcase name="findsAValueAtTheBeginningOfAnArray()" classname="BinarySearchTest" time="0.0"/>
  <testcase name="nothingIsFoundInAnEmptyArray()" classname="BinarySearchTest" time="0.0"/>
  <testcase name="findsAValueInTheMiddleOfAnArray()" classname="BinarySearchTest" time="0.001"/>
  <testcase name="aValueLargerThanTheArraysLargestValueIsNotFound()" classname="BinarySearchTest" time="0.001"/>
  <system-out><![CDATA[]]></system-out>
  <system-err><![CDATA[]]></system-err>
</testsuite>
