<?xml version="1.0" encoding="UTF-8"?>
<testsuite name="ZipperTest" tests="14" skipped="0" failures="0" errors="0" timestamp="2025-08-31T07:53:42" hostname="MSI" time="0.065">
  <properties/>
  <testcase name="testSetRightWithNull()" classname="ZipperTest" time="0.042"/>
  <testcase name="testSetRightWithSubtree()" classname="ZipperTest" time="0.0"/>
  <testcase name="testToTreeFromDeepFocus()" classname="ZipperTest" time="0.001"/>
  <testcase name="testLeftRightAndUp()" classname="ZipperTest" time="0.003"/>
  <testcase name="testSetLeftWithLeaf()" classname="ZipperTest" time="0.001"/>
  <testcase name="testSetValueAfterTraversingUp()" classname="ZipperTest" time="0.0"/>
  <testcase name="testAbilityToReturnAfterMultipleLevelDescend()" classname="ZipperTest" time="0.001"/>
  <testcase name="testSetValueOnDeepFocus()" classname="ZipperTest" time="0.0"/>
  <testcase name="testDeadEnd()" classname="ZipperTest" time="0.001"/>
  <testcase name="testLeftRightAndValue()" classname="ZipperTest" time="0.0"/>
  <testcase name="testTraversingUpFromTop()" classname="ZipperTest" time="0.0"/>
  <testcase name="differentPathToSameZipper()" classname="ZipperTest" time="0.0"/>
  <testcase name="testToTree()" classname="ZipperTest" time="0.001"/>
  <testcase name="testSetValue()" classname="ZipperTest" time="0.001"/>
  <system-out><![CDATA[]]></system-out>
  <system-err><![CDATA[]]></system-err>
</testsuite>
