<?xml version="1.0" encoding="UTF-8"?>
<testsuite name="RationalTest" tests="41" skipped="0" failures="0" errors="0" timestamp="2025-09-03T07:06:35" hostname="MSI" time="0.07">
  <properties/>
  <testcase name="testReduceARationalNumberWithANegativeDenominatorToLowestTerms()" classname="RationalTest" time="0.034"/>
  <testcase name="testSubtractTwoNegativeRationalNumbers()" classname="RationalTest" time="0.001"/>
  <testcase name="testRaiseANegativeRationalNumberToAPositiveIntegerPower()" classname="RationalTest" time="0.001"/>
  <testcase name="testReducePlacesTheMinusSignOnTheNumerator()" classname="RationalTest" time="0.001"/>
  <testcase name="testMultiplyARationalNumberByZero()" classname="RationalTest" time="0.001"/>
  <testcase name="testAbsoluteValueOfAPositiveRationalNumberWithNegativeNumeratorAndDenominator()" classname="RationalTest" time="0.001"/>
  <testcase name="testAbsoluteValueOfANegativeRationalNumber()" classname="RationalTest" time="0.001"/>
  <testcase name="testAddARationalNumberToItsAdditiveInverse()" classname="RationalTest" time="0.0"/>
  <testcase name="testRaiseZeroToAnIntegerPower()" classname="RationalTest" time="0.0"/>
  <testcase name="testRaiseANegativeRationalNumberToAnEvenNegativeIntegerPower()" classname="RationalTest" time="0.001"/>
  <testcase name="testReduceOneToLowestTerms()" classname="RationalTest" time="0.0"/>
  <testcase name="testMultiplyARationalNumberByItsReciprocal()" classname="RationalTest" time="0.0"/>
  <testcase name="testDivideAPositiveRationalNumberByANegativeRationalNumber()" classname="RationalTest" time="0.0"/>
  <testcase name="testRaiseAPositiveRationalNumberToANegativeIntegerPower()" classname="RationalTest" time="0.0"/>
  <testcase name="testReduceANegativeRationalNumberToLowestTerms()" classname="RationalTest" time="0.0"/>
  <testcase name="testRaiseOneToAnIntegerPower()" classname="RationalTest" time="0.001"/>
  <testcase name="testRaiseANegativeRationalNumberToAnOddNegativeIntegerPower()" classname="RationalTest" time="0.001"/>
  <testcase name="testAddTwoPositiveRationalNumbers()" classname="RationalTest" time="0.0"/>
  <testcase name="testDivideTwoPositiveRationalNumbers()" classname="RationalTest" time="0.0"/>
  <testcase name="testAddAPositiveRationalNumberAndANegativeRationalNumber()" classname="RationalTest" time="0.0"/>
  <testcase name="testRaiseARealNumberToAPositiveRationalNumber()" classname="RationalTest" time="0.003"/>
  <testcase name="testDivideARationalNumberByOne()" classname="RationalTest" time="0.0"/>
  <testcase name="testSubtractARationalNumberFromItself()" classname="RationalTest" time="0.0"/>
  <testcase name="testMultiplyTwoPositiveRationalNumbers()" classname="RationalTest" time="0.0"/>
  <testcase name="testAbsoluteValueOfZero()" classname="RationalTest" time="0.001"/>
  <testcase name="testRaiseARealNumberToANegativeRationalNumber()" classname="RationalTest" time="0.001"/>
  <testcase name="testReduceAPositiveRationalNumberToLowestTerms()" classname="RationalTest" time="0.001"/>
  <testcase name="testMultiplyANegativeRationalNumberByAPositiveRationalNumber()" classname="RationalTest" time="0.001"/>
  <testcase name="testSubtractTwoPositiveRationalNumbers()" classname="RationalTest" time="0.0"/>
  <testcase name="testAbsoluteValueOfARationalNumberIsReducedToLowestTerms()" classname="RationalTest" time="0.001"/>
  <testcase name="testMultiplyARationalNumberByOne()" classname="RationalTest" time="0.0"/>
  <testcase name="testAbsoluteValueOfANegativeRationalNumberWithNegativeDenominator()" classname="RationalTest" time="0.0"/>
  <testcase name="testAddTwoNegativeRationalNumbers()" classname="RationalTest" time="0.001"/>
  <testcase name="testDivideTwoNegativeRationalNumbers()" classname="RationalTest" time="0.001"/>
  <testcase name="testRaiseAPositiveRationalNumberToAPositiveIntegerPower()" classname="RationalTest" time="0.0"/>
  <testcase name="testAbsoluteValueOfAPositiveRationalNumber()" classname="RationalTest" time="0.0"/>
  <testcase name="testMultiplyTwoNegativeRationalNumbers()" classname="RationalTest" time="0.001"/>
  <testcase name="testRaiseAPositiveRationalNumberToThePowerOfZero()" classname="RationalTest" time="0.001"/>
  <testcase name="testReduceAnIntegerToLowestTerms()" classname="RationalTest" time="0.0"/>
  <testcase name="testSubtractAPositiveRationalNumberAndANegativeRationalNumber()" classname="RationalTest" time="0.001"/>
  <testcase name="testReduceZeroToLowestTerms()" classname="RationalTest" time="0.0"/>
  <system-out><![CDATA[]]></system-out>
  <system-err><![CDATA[]]></system-err>
</testsuite>
