<?xml version="1.0" encoding="UTF-8"?>
<testsuite name="SieveTest" tests="5" skipped="0" failures="0" errors="0" timestamp="2025-07-17T07:15:39" hostname="MSI" time="0.056">
  <properties/>
  <testcase name="findFirstPrime()" classname="SieveTest" time="0.039"/>
  <testcase name="noPrimesUnder2()" classname="SieveTest" time="0.001"/>
  <testcase name="findPrimesUpTo1000()" classname="SieveTest" time="0.005"/>
  <testcase name="limitIsPrime()" classname="SieveTest" time="0.003"/>
  <testcase name="findPrimesUpTo10()" classname="SieveTest" time="0.001"/>
  <system-out><![CDATA[]]></system-out>
  <system-err><![CDATA[]]></system-err>
</testsuite>
