<?xml version="1.0" encoding="UTF-8"?>
<testsuite name="AffineCipherTest" tests="16" skipped="0" failures="0" errors="0" timestamp="2025-07-22T06:36:41" hostname="MSI" time="0.075">
  <properties/>
  <testcase name="testEncodeOMG()" classname="AffineCipherTest" time="0.039"/>
  <testcase name="testEncodeYes()" classname="AffineCipherTest" time="0.0"/>
  <testcase name="testDecodeWithNoSpaces()" classname="AffineCipherTest" time="0.004"/>
  <testcase name="testEncodeMindBlowingly()" classname="AffineCipherTest" time="0.002"/>
  <testcase name="testEncodeNo()" classname="AffineCipherTest" time="0.002"/>
  <testcase name="testDecodeWithTooManySpaces()" classname="AffineCipherTest" time="0.001"/>
  <testcase name="testDecodeSentence()" classname="AffineCipherTest" time="0.001"/>
  <testcase name="testEncodeAllTheLetters()" classname="AffineCipherTest" time="0.002"/>
  <testcase name="testDecodeNumbers()" classname="AffineCipherTest" time="0.0"/>
  <testcase name="testDecodeExercism()" classname="AffineCipherTest" time="0.001"/>
  <testcase name="testEncodeDeepThought()" classname="AffineCipherTest" time="0.002"/>
  <testcase name="testDecodeThrowsMeaningfulException()" classname="AffineCipherTest" time="0.003"/>
  <testcase name="testDecodeAllTheLetters()" classname="AffineCipherTest" time="0.001"/>
  <testcase name="testEncodeNumbers()" classname="AffineCipherTest" time="0.0"/>
  <testcase name="testEncodeThrowsMeaningfulException()" classname="AffineCipherTest" time="0.001"/>
  <testcase name="testEncodeO_M_G()" classname="AffineCipherTest" time="0.0"/>
  <system-out><![CDATA[]]></system-out>
  <system-err><![CDATA[]]></system-err>
</testsuite>
