<?xml version="1.0" encoding="UTF-8"?>
<testsuite name="BottleSongTest" tests="7" skipped="0" failures="0" errors="0" timestamp="2025-06-15T02:32:52" hostname="MSI" time="0.043">
  <properties/>
  <testcase name="lastThreeVerses()" classname="BottleSongTest" time="0.035"/>
  <testcase name="lastGenericVerse()" classname="BottleSongTest" time="0.001"/>
  <testcase name="allVerses()" classname="BottleSongTest" time="0.0"/>
  <testcase name="verseWithOneBottle()" classname="BottleSongTest" time="0.001"/>
  <testcase name="verseWithTwoBottles()" classname="BottleSongTest" time="0.001"/>
  <testcase name="firstGenericVerse()" classname="BottleSongTest" time="0.001"/>
  <testcase name="firstTwoVerses()" classname="BottleSongTest" time="0.0"/>
  <system-out><![CDATA[]]></system-out>
  <system-err><![CDATA[]]></system-err>
</testsuite>
