<?xml version="1.0" encoding="UTF-8"?>
<testsuite name="LargestSeriesProductCalculatorTest" tests="1" skipped="0" failures="0" errors="0" timestamp="2025-07-15T11:50:11" hostname="MSI" time="0.034">
  <properties/>
  <testcase name="testEmptyStringToSearchAndSeriesOfNonZeroLengthIsRejected()" classname="LargestSeriesProductCalculatorTest" time="0.034"/>
  <system-out><![CDATA[]]></system-out>
  <system-err><![CDATA[]]></system-err>
</testsuite>
