<?xml version="1.0" encoding="UTF-8"?>
<testsuite name="MazeGeneratorTest" tests="13" skipped="0" failures="0" errors="0" timestamp="2025-07-12T09:06:07" hostname="MSI" time="0.102">
  <properties/>
  <testcase name="theMazeIsPerfectWithSeed()" classname="MazeGeneratorTest" time="0.051"/>
  <testcase name="shouldThrowExceptionWhenColumnsIsLessThanFive()" classname="MazeGeneratorTest" time="0.007"/>
  <testcase name="twoMazesWithSameSeedShouldBeEqual()" classname="MazeGeneratorTest" time="0.007"/>
  <testcase name="shouldThrowExceptionWhenRowsIsLessThanFive()" classname="MazeGeneratorTest" time="0.001"/>
  <testcase name="theMazeIsPerfect()" classname="MazeGeneratorTest" time="0.004"/>
  <testcase name="theMazeHasSingleExitOnTheRightSideOfTheMaze()" classname="MazeGeneratorTest" time="0.003"/>
  <testcase name="shouldThrowExceptionWhenRowsIsMoreThenHundred()" classname="MazeGeneratorTest" time="0.001"/>
  <testcase name="theMazeHasOnlyOneEntranceOnTheLeftSide()" classname="MazeGeneratorTest" time="0.003"/>
  <testcase name="theDimensionsOfTheMazeAreCorrect()" classname="MazeGeneratorTest" time="0.003"/>
  <testcase name="aMazeIsDifferentEachTimeItIsGenerated()" classname="MazeGeneratorTest" time="0.003"/>
  <testcase name="twoMazesWithDifferentSeedsShouldNotBeEqual()" classname="MazeGeneratorTest" time="0.003"/>
  <testcase name="theMazeContainsOnlyValidCharacters()" classname="MazeGeneratorTest" time="0.002"/>
  <testcase name="shouldThrowExceptionWhenColumnsIsMoreThenHundred()" classname="MazeGeneratorTest" time="0.001"/>
  <system-out><![CDATA[┌─ ─┬─────┬───┬─────────┬─────┬─────┐
⇨   │     │   │         │     │     ⇨
┌─       ─┐    ─┐  ─┐     ┌─┐    ─┐  
│   │ │   │ │   │   │ │   │ │ │   │ │
│  ─┤ ├─┐   ├─┐ ├─┐ │ └─┬─┘ │ ├───┘ │
│   │ │ │   │ │ │ │ │   │   │ │     │
│   │   └───┘ │   │ └─┐ │ ┌─┘ │  ───┤
│ │ │         │   │   │ │ │   │     │
├─  ├───────┐ ├───┴───┤ │ │  ─┤  ─┐ │
│   │       │ │       │ │ │   │   │ │
│  ─┘  ───┐   └───      │ └─  └───┘ │
│         │         │   │           │
└─ ───────┴─────────┴───┴───────────┘
┌─ ─┬─────┬───┬─────────┬─────┬─────┐
⇨   │     │   │         │     │     ⇨
┌─       ─┐    ─┐  ─┐     ┌─┐    ─┐  
│   │ │   │ │   │   │ │   │ │ │   │ │
│  ─┤ ├─┐   ├─┐ ├─┐ │ └─┬─┘ │ ├───┘ │
│   │ │ │   │ │ │ │ │   │   │ │     │
│   │   └───┘ │   │ └─┐ │ ┌─┘ │  ───┤
│ │ │         │   │   │ │ │   │     │
├─  ├───────┐ ├───┴───┤ │ │  ─┤  ─┐ │
│   │       │ │       │ │ │   │   │ │
│  ─┘  ───┐   └───      │ └─  └───┘ │
│         │         │   │           │
└─ ───────┴─────────┴───┴───────────┘
┌─ ─┬─────┬───┬─────────┬─────┬─────┐
⇨   │     │   │         │     │     ⇨
┌─       ─┐    ─┐  ─┐     ┌─┐    ─┐  
│   │ │   │ │   │   │ │   │ │ │   │ │
│  ─┤ ├─┐   ├─┐ ├─┐ │ └─┬─┘ │ ├───┘ │
│   │ │ │   │ │ │ │ │   │   │ │     │
│   │   └───┘ │   │ └─┐ │ ┌─┘ │  ───┤
│ │ │         │   │   │ │ │   │     │
├─  ├───────┐ ├───┴───┤ │ │  ─┤  ─┐ │
│   │       │ │       │ │ │   │   │ │
│  ─┘  ───┐   └───      │ └─  └───┘ │
│         │         │   │           │
└─ ───────┴─────────┴───┴───────────┘
┌─ ─────┬───┬───┬─────┬─────────────┐
│       │   │   │     │             │
  ┌─  ┌─           ─┐  ───────┬─     
⇨ │   │   │   │ │   │         │   │ │
├─    │ ┌─┴─┬─┘ ├─  ├─────┬─  │  ─┤ │
│   │ │ │   │   │   │     │   │   │ ⇨
│  ─┤ │ │   │  ─┘ ┌─┘     │  ─┤   │ │
│   │ │ │ │ │     │   │ │ │   │ │ │ │
├─  │ │ │ └─┴─┬───┤  ─┤ │ └─┬─┴─┤ │ │
│   │ │ │     │   │   │ │   │   │ │ │
│  ─┴─┘ └─        └───┘ ├─        │ │
│           │   │       │     │   │ │
└─ ─────────┴───┴───────┴─────┴───┴─┘
┌─ ───────┬─────────┬───────────────┐
⇨         │         │               ⇨
   ─┐ ┌─┐   ┌─┬───┐  ───────┐    ─┐  
│   │ │ │   │ │   │         │ │   │ │
├─ ─┘ │ ├───┤     └───────┐ │ ├─  │ │
│     │ │   │   │         │ │ │   │ │
│ ┌─┬─┘ │   │ ┌─┤ ┌───  ┌─┘ │ │  ─┤ │
│ │ │   │ │ │ │ │ │     │   │ │   │ │
│   │ ┌─┘ │ │ │ │ └─────┤ ┌─┴─┴─  │ │
│   │ │   │ │ │ │       │ │       │ │
├─ ─┘    ─┤     └─────┐   └─  ┌───┘ │
│         │           │       │     │
└─ ───────┴───────────┴───────┴─────┘
┌─ ─────────────┬───────────┬─────┬─┐
⇨               │           │     │ │
┌─ ─┬───┐  ─┬─   ─┐  ─┬─             
│   │   │   │     │   │   │ │ │ │   ⇨
├─      └─┐ └─┬─┐ └───┘ ┌─┤ │ │ └─┐ │
│ │   │   │   │ │       │ │ │ │   │ │
│ ├───┴─┐ └─  │ └───────┘ │ ├─┴─  │ │
│ │     │     │           │ │     │ │
│ │ ┌─  └───┬─┘  ─┬───┬─  │ │  ─┬─┘ │
│ │ │       │     │   │   │ │   │   │
│   │  ─────┘  ─┐     └───┘ └─  │  ─┤
│   │           │   │           │   │
└─ ─┴───────────┴───┴───────────┴───┘
┌─ ───────────┬─────┬───────────────┐
⇨             │     │               │
┌─ ─  ┌─────┐   ┌─   ─  ┌───┐ ┌─────┐
│     │     │ │ │       │   │ │     ⇨
│ ┌───┘ ┌─┐ │ │ └─┬───  │   └─┘ ┌─┐ │
│ │     │ │ │ │   │     │ │     │ │ │
│ │  ─┬─┘ │ │ └─  ├───┬─┘ ├─────┘ │ │
│ │   │   │ │     │   │   │       │ │
│ └─┐ └─┐ │ └─┬───┤   │ ┌─┤    ─┬─┘ │
│   │   │ │   │   │ │ │ │ │ │   │   │
│   └─    └─┐       │ └─┘   └─┐    ─┤
│ │         │   │   │         │     │
└─└─────────┴───┴───┴─────────┴─────┘
┌─ ─────┬───┬───┬─────┬─────────────┐
│       │   │   │     │             │
  ┌─  ┌─           ─┐  ───────┬─     
⇨ │   │   │   │ │   │         │   │ │
├─    │ ┌─┴─┬─┘ ├─  ├─────┬─  │  ─┤ │
│   │ │ │   │   │   │     │   │   │ ⇨
│  ─┤ │ │   │  ─┘ ┌─┘     │  ─┤   │ │
│   │ │ │ │ │     │   │ │ │   │ │ │ │
├─  │ │ │ └─┴─┬───┤  ─┤ │ └─┬─┴─┤ │ │
│   │ │ │     │   │   │ │   │   │ │ │
│  ─┴─┘ └─        └───┘ ├─        │ │
│           │   │       │     │   │ │
└─ ─────────┴───┴───────┴─────┴───┴─┘
┌─ ───┬───────────────┬─┬─────┬───┬─┐
│     │               │ │     │   │ │
   ─┐   ┌───┐ ┌─────                 
│   │   │   │ │       │   │ │   │   │
├─  └─┬─┴─  │ └─────┐ │  ─┤ ├───┼─  │
│ │   │     │       │ │   │ │   │   ⇨
│ └─┐     ┌─┴─┬─┐   │ └───┤ │ ┌─┘ ┌─┤
⇨   │   │ │   │ │ │ │     │ │ │   │ │
│ ┌─┴─┬─┘ │     │ │ └─┬─  │ │   ┌─┘ │
│ │   │   │ │   │ │   │   │ │   │   │
│        ─┤ └───┴─┴─  │  ─┘ │  ─┴─  │
│   │     │           │     │       │
└─ ─┴─────┴───────────┴─────┴───────┘
┌─ ─┬─────┬───┬─────────┬─────┬─────┐
⇨   │     │   │         │     │     ⇨
┌─       ─┐    ─┐  ─┐     ┌─┐    ─┐  
│   │ │   │ │   │   │ │   │ │ │   │ │
│  ─┤ ├─┐   ├─┐ ├─┐ │ └─┬─┘ │ ├───┘ │
│   │ │ │   │ │ │ │ │   │   │ │     │
│   │   └───┘ │   │ └─┐ │ ┌─┘ │  ───┤
│ │ │         │   │   │ │ │   │     │
├─  ├───────┐ ├───┴───┤ │ │  ─┤  ─┐ │
│   │       │ │       │ │ │   │   │ │
│  ─┘  ───┐   └───      │ └─  └───┘ │
│         │         │   │           │
└─ ───────┴─────────┴───┴───────────┘
┌─ ───┬─────┬─────┬───┬───┬─────────┐
│     │     │     │   │   │         │
┌─     ─      ┌─┐   ┌─     ─┐  ─┬─   
│   │     │ │ │ │   │   │   │   │   │
│ ┌─┴─┬───┘ │ │ ├─  │  ─┼─  ├───┤   │
│ │   │     │ │ │   │   │   │   │ │ │
│     ├───┐   │ │  ─┼─┐ │  ─┼─  │ │ │
⇨   │ │   │   │ │   │ │ │   │   │ │ │
│ ┌─┘ │   └─┬─┘ └─    │ ├─┐   ┌─┘ │ │
│ │   │ │   │         │ │ │   │   │ │
│ │  ─┘ └─┐ └─────────┘   └───┘ ┌─┘ │
│ │       │                     │   ⇨
└─└───────┴─────────────────────┴───┘
┌─ ───────────┬─────┬───────────────┐
⇨             │     │               │
┌─ ─  ┌─────┐   ┌─   ─  ┌───┐ ┌─────┐
│     │     │ │ │       │   │ │     ⇨
│ ┌───┘ ┌─┐ │ │ └─┬───  │   └─┘ ┌─┐ │
│ │     │ │ │ │   │     │ │     │ │ │
│ │  ─┬─┘ │ │ └─  ├───┬─┘ ├─────┘ │ │
│ │   │   │ │     │   │   │       │ │
│ └─┐ └─┐ │ └─┬───┤   │ ┌─┤    ─┬─┘ │
│   │   │ │   │   │ │ │ │ │ │   │   │
│   └─    └─┐       │ └─┘   └─┐    ─┤
│ │         │   │   │         │     │
└─└─────────┴───┴───┴─────────┴─────┘
]]></system-out>
  <system-err><![CDATA[]]></system-err>
</testsuite>
