<?xml version="1.0" encoding="UTF-8"?>
<testsuite name="DominoesTest" tests="13" skipped="0" failures="0" errors="0" timestamp="2025-07-28T12:42:02" hostname="MSI" time="0.076">
  <properties/>
  <testcase name="cantBeChainedTest()" classname="DominoesTest" time="0.037"/>
  <testcase name="needBacktrackTest()" classname="DominoesTest" time="0.013"/>
  <testcase name="singletonInputSingletonOutput()" classname="DominoesTest" time="0.002"/>
  <testcase name="nineElementsTest()" classname="DominoesTest" time="0.002"/>
  <testcase name="separateLoopsTest()" classname="DominoesTest" time="0.001"/>
  <testcase name="disconnectedDoubleLoopTest()" classname="DominoesTest" time="0.001"/>
  <testcase name="singletonCantBeChainedTest()" classname="DominoesTest" time="0.002"/>
  <testcase name="disconnectedSingleIsolatedTest()" classname="DominoesTest" time="0.001"/>
  <testcase name="separateThreeDominoLoopsTest()" classname="DominoesTest" time="0.002"/>
  <testcase name="emtpyInputEmptyOutputTest()" classname="DominoesTest" time="0.001"/>
  <testcase name="canReverseDominoesTest()" classname="DominoesTest" time="0.001"/>
  <testcase name="disconnectedSimpleTest()" classname="DominoesTest" time="0.001"/>
  <testcase name="threeElementsTest()" classname="DominoesTest" time="0.0"/>
  <system-out><![CDATA[]]></system-out>
  <system-err><![CDATA[]]></system-err>
</testsuite>
