<?xml version="1.0" encoding="UTF-8"?>
<testsuite name="GrepToolTest" tests="25" skipped="0" failures="0" errors="0" timestamp="2025-07-19T02:10:52" hostname="MSI" time="0.147">
  <properties/>
  <testcase name="multipleFilesNoMatchesVariousFlags()" classname="GrepToolTest" time="0.041"/>
  <testcase name="multipleFilesSeveralMatchesNoFlags()" classname="GrepToolTest" time="0.005"/>
  <testcase name="multipleFilesSeveralMatchesInvertedFlag()" classname="GrepToolTest" time="0.005"/>
  <testcase name="multipleFilesSeveralMatchesPrintLineNumbersFlag()" classname="GrepToolTest" time="0.005"/>
  <testcase name="multipleFilesSeveralMatchesInvertedAndMatchEntireLinesFlags()" classname="GrepToolTest" time="0.005"/>
  <testcase name="oneFileOneMatchMultipleFlags()" classname="GrepToolTest" time="0.005"/>
  <testcase name="oneFileSeveralMatchesMatchEntireLineFlag()" classname="GrepToolTest" time="0.005"/>
  <testcase name="oneFileOneMatchCaseInsensitiveFlag()" classname="GrepToolTest" time="0.005"/>
  <testcase name="oneFileOneMatchNoFlags()" classname="GrepToolTest" time="0.003"/>
  <testcase name="oneFileOneMatchPrintFileNamesFlag()" classname="GrepToolTest" time="0.004"/>
  <testcase name="multipleFilesOneMatchMultipleFlags()" classname="GrepToolTest" time="0.004"/>
  <testcase name="multipleFilesOneMatchEntireLinesFlag()" classname="GrepToolTest" time="0.004"/>
  <testcase name="oneFileOneMatchFileFlagTakesPrecedenceOverLineFlag()" classname="GrepToolTest" time="0.004"/>
  <testcase name="oneFileSeveralMatchesInvertedAndMatchEntireLinesFlags()" classname="GrepToolTest" time="0.004"/>
  <testcase name="multipleFilesOneMatchPrintFileNamesFlag()" classname="GrepToolTest" time="0.004"/>
  <testcase name="oneFileSeveralMatchesCaseInsensitiveFlag()" classname="GrepToolTest" time="0.003"/>
  <testcase name="multipleFilesSeveralMatchesCaseInsensitiveFlag()" classname="GrepToolTest" time="0.004"/>
  <testcase name="oneFileSeveralMatchesPrintLineNumbersFlag()" classname="GrepToolTest" time="0.003"/>
  <testcase name="oneFileOneMatchEntireLinesFlag()" classname="GrepToolTest" time="0.002"/>
  <testcase name="multipleFilesSeveralMatchesFileFlagTakesPrecedenceOverLineNumberFlag()" classname="GrepToolTest" time="0.003"/>
  <testcase name="oneFileSeveralMatchesInvertedFlag()" classname="GrepToolTest" time="0.003"/>
  <testcase name="oneFileNoMatchesVariousFlags()" classname="GrepToolTest" time="0.003"/>
  <testcase name="oneFileSeveralMatchesNoFlags()" classname="GrepToolTest" time="0.003"/>
  <testcase name="multipleFilesOneMatchNoFlags()" classname="GrepToolTest" time="0.004"/>
  <testcase name="oneFileOneMatchPrintLineNumbersFlag()" classname="GrepToolTest" time="0.003"/>
  <system-out><![CDATA[]]></system-out>
  <system-err><![CDATA[]]></system-err>
</testsuite>
