<?xml version="1.0" encoding="UTF-8"?>
<testsuite name="WordCountTest" tests="14" skipped="0" failures="0" errors="0" timestamp="2025-07-21T12:16:56" hostname="MSI" time="0.06">
  <properties/>
  <testcase name="handlesExpandedLists()" classname="WordCountTest" time="0.038"/>
  <testcase name="withQuotations()" classname="WordCountTest" time="0.001"/>
  <testcase name="normalizeCase()" classname="WordCountTest" time="0.002"/>
  <testcase name="multipleSpacesNotDetectedAsAWord()" classname="WordCountTest" time="0.001"/>
  <testcase name="countOneOfEachWord()" classname="WordCountTest" time="0.0"/>
  <testcase name="handlesCrampedLists()" classname="WordCountTest" time="0.001"/>
  <testcase name="withApostrophes()" classname="WordCountTest" time="0.001"/>
  <testcase name="countOneWord()" classname="WordCountTest" time="0.001"/>
  <testcase name="alternatingWordSeperatorsNotDetectedAsAWord()" classname="WordCountTest" time="0.001"/>
  <testcase name="substringsFromTheBeginning()" classname="WordCountTest" time="0.0"/>
  <testcase name="multipleOccurrencesOfAWord()" classname="WordCountTest" time="0.001"/>
  <testcase name="quotationForWordWithApostrophe()" classname="WordCountTest" time="0.001"/>
  <testcase name="includeNumbers()" classname="WordCountTest" time="0.001"/>
  <testcase name="ignorePunctuation()" classname="WordCountTest" time="0.001"/>
  <system-out><![CDATA[]]></system-out>
  <system-err><![CDATA[]]></system-err>
</testsuite>
