<?xml version="1.0" encoding="UTF-8"?>
<testsuite name="RunLengthEncodingTest" tests="13" skipped="0" failures="0" errors="0" timestamp="2025-07-21T08:34:28" hostname="MSI" time="0.071">
  <properties/>
  <testcase name="decodeWithOnlySingleValues()" classname="RunLengthEncodingTest" time="0.04"/>
  <testcase name="decodeWithMixedValues()" classname="RunLengthEncodingTest" time="0.001"/>
  <testcase name="decodeWithLowercaseValues()" classname="RunLengthEncodingTest" time="0.001"/>
  <testcase name="encodeThenDecode()" classname="RunLengthEncodingTest" time="0.003"/>
  <testcase name="encodeWithNoSingleValues()" classname="RunLengthEncodingTest" time="0.001"/>
  <testcase name="encodeWithMixedValues()" classname="RunLengthEncodingTest" time="0.0"/>
  <testcase name="encodeWithLowercaseValues()" classname="RunLengthEncodingTest" time="0.001"/>
  <testcase name="encodeWithWhitespaceValues()" classname="RunLengthEncodingTest" time="0.001"/>
  <testcase name="decodeWithNoSingleValues()" classname="RunLengthEncodingTest" time="0.002"/>
  <testcase name="decodeEmpty()" classname="RunLengthEncodingTest" time="0.001"/>
  <testcase name="encodeWithOnlySingleValues()" classname="RunLengthEncodingTest" time="0.001"/>
  <testcase name="decodeWithWhitespaceValues()" classname="RunLengthEncodingTest" time="0.001"/>
  <testcase name="encodeEmpty()" classname="RunLengthEncodingTest" time="0.001"/>
  <system-out><![CDATA[]]></system-out>
  <system-err><![CDATA[]]></system-err>
</testsuite>
