<?xml version="1.0" encoding="UTF-8"?>
<testsuite name="KindergartenGardenTest" tests="17" skipped="0" failures="0" errors="0" timestamp="2025-07-15T11:06:25" hostname="MSI" time="0.09">
  <properties/>
  <testcase name="fullGardenForHarriet()" classname="KindergartenGardenTest" time="0.045"/>
  <testcase name="singleStudent2()" classname="KindergartenGardenTest" time="0.001"/>
  <testcase name="fullGardenForCharlie()" classname="KindergartenGardenTest" time="0.003"/>
  <testcase name="fullGardenForFred()" classname="KindergartenGardenTest" time="0.003"/>
  <testcase name="twoStudents()" classname="KindergartenGardenTest" time="0.001"/>
  <testcase name="singleStudent()" classname="KindergartenGardenTest" time="0.001"/>
  <testcase name="fullGardenForIleana()" classname="KindergartenGardenTest" time="0.002"/>
  <testcase name="fullGardenForAlice()" classname="KindergartenGardenTest" time="0.001"/>
  <testcase name="fullGardenForJoseph()" classname="KindergartenGardenTest" time="0.0"/>
  <testcase name="fullGardenForDavid()" classname="KindergartenGardenTest" time="0.002"/>
  <testcase name="fullGardenForGinny()" classname="KindergartenGardenTest" time="0.001"/>
  <testcase name="fullGardenForLarry()" classname="KindergartenGardenTest" time="0.002"/>
  <testcase name="oneGardenThirdStudent()" classname="KindergartenGardenTest" time="0.001"/>
  <testcase name="fullGardenForKincaid()" classname="KindergartenGardenTest" time="0.0"/>
  <testcase name="oneGardenSecondStudent()" classname="KindergartenGardenTest" time="0.001"/>
  <testcase name="fullGardenForBob()" classname="KindergartenGardenTest" time="0.001"/>
  <testcase name="fullGardenForEve()" classname="KindergartenGardenTest" time="0.002"/>
  <system-out><![CDATA[]]></system-out>
  <system-err><![CDATA[]]></system-err>
</testsuite>
