<?xml version="1.0" encoding="UTF-8"?>
<testsuite name="BinarySearchTreeTest" tests="1" skipped="0" failures="0" errors="0" timestamp="2025-07-27T13:01:22" hostname="MSI" time="73.425">
  <properties/>
  <testcase name="iteratesOverComplexTree()" classname="BinarySearchTreeTest" time="73.425"/>
  <system-out><![CDATA[]]></system-out>
  <system-err><![CDATA[]]></system-err>
</testsuite>
