<?xml version="1.0" encoding="UTF-8"?>
<testsuite name="GrainsTest" tests="1" skipped="0" failures="0" errors="0" timestamp="2025-06-18T23:25:44" hostname="MSI" time="0.027">
  <properties/>
  <testcase name="totalNumberOfGrainsOnABoard()" classname="GrainsTest" time="0.027"/>
  <system-out><![CDATA[]]></system-out>
  <system-err><![CDATA[]]></system-err>
</testsuite>
