<?xml version="1.0" encoding="UTF-8"?>
<testsuite name="ChangeCalculatorTest" tests="13" skipped="0" failures="0" errors="0" timestamp="2025-06-16T11:16:51" hostname="MSI" time="0.074">
  <properties/>
  <testcase name="testPossibleChangeWithoutUnitCoinAvailable()" classname="ChangeCalculatorTest" time="0.043"/>
  <testcase name="testChangeFor1Cent()" classname="ChangeCalculatorTest" time="0.001"/>
  <testcase name="testNegativeChangeIsRejected()" classname="ChangeCalculatorTest" time="0.004"/>
  <testcase name="testLilliputianCurrency()" classname="ChangeCalculatorTest" time="0.001"/>
  <testcase name="testAnotherPossibleChangeWithoutUnitCoinAvailable()" classname="ChangeCalculatorTest" time="0.001"/>
  <testcase name="testLargeAmountOfChange()" classname="ChangeCalculatorTest" time="0.004"/>
  <testcase name="testChangeThatCanBeGivenInASingleCoin()" classname="ChangeCalculatorTest" time="0.001"/>
  <testcase name="testChangeThatMustBeGivenInMultipleCoins()" classname="ChangeCalculatorTest" time="0.001"/>
  <testcase name="testLowerElbonianCurrency()" classname="ChangeCalculatorTest" time="0.0"/>
  <testcase name="testChangeLargerThanAllCoinsInCurrencyThatCannotBeRepresented()" classname="ChangeCalculatorTest" time="0.004"/>
  <testcase name="testAGreedyApproachIsNotOptimal()" classname="ChangeCalculatorTest" time="0.0"/>
  <testcase name="testZeroChange()" classname="ChangeCalculatorTest" time="0.001"/>
  <testcase name="testChangeLessThanSmallestCoinInCurrencyCannotBeRepresented()" classname="ChangeCalculatorTest" time="0.001"/>
  <system-out><![CDATA[]]></system-out>
  <system-err><![CDATA[]]></system-err>
</testsuite>
