<?xml version="1.0" encoding="UTF-8"?>
<testsuite name="QueenAttackCalculatorTest" tests="15" skipped="0" failures="0" errors="0" timestamp="2025-07-24T22:47:19" hostname="MSI" time="0.062">
  <properties/>
  <testcase name="testNullPositionsNotAllowed()" classname="QueenAttackCalculatorTest" time="0.038"/>
  <testcase name="testCreateQueenMustHaveColumnOnBoard()" classname="QueenAttackCalculatorTest" time="0.001"/>
  <testcase name="testQueenCannotAttackIfFallingDiagonalsAreOnlyTheSameWhenReflectedAcrossTheLongestFallingDiagonal()" classname="QueenAttackCalculatorTest" time="0.001"/>
  <testcase name="testCreateQueenMustHavePositiveRow()" classname="QueenAttackCalculatorTest" time="0.002"/>
  <testcase name="testCreateQueenMustHavePositiveColumn()" classname="QueenAttackCalculatorTest" time="0.002"/>
  <testcase name="testCreateQueenWithAValidPosition()" classname="QueenAttackCalculatorTest" time="0.001"/>
  <testcase name="testQueensCanAttackOnTheSameColumn()" classname="QueenAttackCalculatorTest" time="0.001"/>
  <testcase name="testCreateQueenMustHaveRowOnBoard()" classname="QueenAttackCalculatorTest" time="0.001"/>
  <testcase name="testQueensCanAttackOnThirdDiagonal()" classname="QueenAttackCalculatorTest" time="0.0"/>
  <testcase name="testQueensCanAttackOnSecondDiagonal()" classname="QueenAttackCalculatorTest" time="0.001"/>
  <testcase name="testQueensCanAttackOnTheSameRow()" classname="QueenAttackCalculatorTest" time="0.001"/>
  <testcase name="testQueensCanAttackOnFourthDiagonal()" classname="QueenAttackCalculatorTest" time="0.0"/>
  <testcase name="testQueensMustNotOccupyTheSameSquare()" classname="QueenAttackCalculatorTest" time="0.0"/>
  <testcase name="testQueensCanAttackOnFirstDiagonal()" classname="QueenAttackCalculatorTest" time="0.001"/>
  <testcase name="testQueensCannotAttack()" classname="QueenAttackCalculatorTest" time="0.0"/>
  <system-out><![CDATA[]]></system-out>
  <system-err><![CDATA[]]></system-err>
</testsuite>
