<?xml version="1.0" encoding="UTF-8"?>
<testsuite name="DiamondPrinterTest" tests="5" skipped="0" failures="0" errors="0" timestamp="2025-07-14T12:02:16" hostname="MSI" time="0.082">
  <properties/>
  <testcase name="testFourByFourDiamond()" classname="DiamondPrinterTest" time="0.054"/>
  <testcase name="testFullDiamond()" classname="DiamondPrinterTest" time="0.005"/>
  <testcase name="testThreeByThreeDiamond()" classname="DiamondPrinterTest" time="0.005"/>
  <testcase name="testOneByOneDiamond()" classname="DiamondPrinterTest" time="0.003"/>
  <testcase name="testTwoByTwoDiamond()" classname="DiamondPrinterTest" time="0.003"/>
  <system-out><![CDATA[]]></system-out>
  <system-err><![CDATA[]]></system-err>
</testsuite>
