<?xml version="1.0" encoding="UTF-8"?>
<testsuite name="VariableLengthQuantityTest" tests="26" skipped="0" failures="0" errors="0" timestamp="2025-07-17T13:24:16" hostname="MSI" time="0.086">
  <properties/>
  <testcase name="testLargestDoubleByte()" classname="VariableLengthQuantityTest" time="0.042"/>
  <testcase name="testLargestTripleByte()" classname="VariableLengthQuantityTest" time="0.0"/>
  <testcase name="testLargestSingleByte()" classname="VariableLengthQuantityTest" time="0.001"/>
  <testcase name="testArbitraryDoubleByte()" classname="VariableLengthQuantityTest" time="0.001"/>
  <testcase name="testSmallestDoubleByte()" classname="VariableLengthQuantityTest" time="0.001"/>
  <testcase name="testArbitraryTripleByte()" classname="VariableLengthQuantityTest" time="0.001"/>
  <testcase name="testSmallestTripleByte()" classname="VariableLengthQuantityTest" time="0.0"/>
  <testcase name="testArbitrarySingleByte()" classname="VariableLengthQuantityTest" time="0.001"/>
  <testcase name="testMaximum32BitIntegerInput()" classname="VariableLengthQuantityTest" time="0.001"/>
  <testcase name="testDecodeMultipleBytes()" classname="VariableLengthQuantityTest" time="0.002"/>
  <testcase name="testTwoSingleByteValues()" classname="VariableLengthQuantityTest" time="0.002"/>
  <testcase name="testZero()" classname="VariableLengthQuantityTest" time="0.001"/>
  <testcase name="testDecodeFourBytes()" classname="VariableLengthQuantityTest" time="0.001"/>
  <testcase name="testCannotDecodeIncompleteSequence()" classname="VariableLengthQuantityTest" time="0.004"/>
  <testcase name="testDecodeTwoBytes()" classname="VariableLengthQuantityTest" time="0.0"/>
  <testcase name="testManyMultiByteValues()" classname="VariableLengthQuantityTest" time="0.001"/>
  <testcase name="testTwoMultiByteValues()" classname="VariableLengthQuantityTest" time="0.001"/>
  <testcase name="testDecodeThreeBytes()" classname="VariableLengthQuantityTest" time="0.001"/>
  <testcase name="testArbitraryQuadrupleByte()" classname="VariableLengthQuantityTest" time="0.001"/>
  <testcase name="testSmallestQuadrupleByte()" classname="VariableLengthQuantityTest" time="0.001"/>
  <testcase name="testDecodeOneByte()" classname="VariableLengthQuantityTest" time="0.001"/>
  <testcase name="testCannotDecodeIncompleteSequenceEvenIfValueIsZero()" classname="VariableLengthQuantityTest" time="0.0"/>
  <testcase name="testLargestQuadrupleByte()" classname="VariableLengthQuantityTest" time="0.001"/>
  <testcase name="testDecodeMaximum32BitInteger()" classname="VariableLengthQuantityTest" time="0.0"/>
  <testcase name="testArbitraryQuintupleByte()" classname="VariableLengthQuantityTest" time="0.001"/>
  <testcase name="testSmallestQuintupleByte()" classname="VariableLengthQuantityTest" time="0.001"/>
  <system-out><![CDATA[]]></system-out>
  <system-err><![CDATA[]]></system-err>
</testsuite>
