<?xml version="1.0" encoding="UTF-8"?>
<testsuite name="CollatzCalculatorTest" tests="6" skipped="0" failures="0" errors="0" timestamp="2025-07-14T11:11:16" hostname="MSI" time="0.05">
  <properties/>
  <testcase name="testCorrectNumberOfStepsWhenBothStepTypesAreNeeded()" classname="CollatzCalculatorTest" time="0.036"/>
  <testcase name="testAVeryLargeInput()" classname="CollatzCalculatorTest" time="0.0"/>
  <testcase name="testZeroIsConsideredInvalidInput()" classname="CollatzCalculatorTest" time="0.004"/>
  <testcase name="testCorrectNumberOfStepsWhenAllStepsAreDivisions()" classname="CollatzCalculatorTest" time="0.001"/>
  <testcase name="testZeroStepsRequiredWhenStartingFrom1()" classname="CollatzCalculatorTest" time="0.002"/>
  <testcase name="testNegativeIntegerIsConsideredInvalidInput()" classname="CollatzCalculatorTest" time="0.001"/>
  <system-out><![CDATA[]]></system-out>
  <system-err><![CDATA[]]></system-err>
</testsuite>
