<?xml version="1.0" encoding="UTF-8"?>
<testsuite name="ResistorColorTest" tests="4" skipped="0" failures="0" errors="0" timestamp="2025-07-13T01:22:40" hostname="MSI" time="0.054">
  <properties/>
  <testcase name="testWhiteColorCode()" classname="ResistorColorTest" time="0.037"/>
  <testcase name="testColors()" classname="ResistorColorTest" time="0.009"/>
  <testcase name="testBlackColorCode()" classname="ResistorColorTest" time="0.002"/>
  <testcase name="testOrangeColorCode()" classname="ResistorColorTest" time="0.001"/>
  <system-out><![CDATA[]]></system-out>
  <system-err><![CDATA[]]></system-err>
</testsuite>
