<?xml version="1.0" encoding="UTF-8"?>
<testsuite name="CircularBufferTest" tests="14" skipped="0" failures="0" errors="0" timestamp="2025-06-17T07:28:15" hostname="MSI" time="0.079">
  <properties/>
  <testcase name="fullBufferCantBeWrittenTo()" classname="CircularBufferTest" time="0.037"/>
  <testcase name="overwriteActsLikeWriteOnNonFullBuffer()" classname="CircularBufferTest" time="0.008"/>
  <testcase name="clearDoesNothingOnEmptyBuffer()" classname="CircularBufferTest" time="0.002"/>
  <testcase name="maintainsReadPositionAcrossWrites()" classname="CircularBufferTest" time="0.004"/>
  <testcase name="overwriteRemovesOldestElementOnFullBuffer()" classname="CircularBufferTest" time="0.001"/>
  <testcase name="canReadItemOnlyOnce()" classname="CircularBufferTest" time="0.001"/>
  <testcase name="readFreesUpSpaceForWrite()" classname="CircularBufferTest" time="0.002"/>
  <testcase name="canReadItemJustWritten()" classname="CircularBufferTest" time="0.001"/>
  <testcase name="readsItemsInOrderWritten()" classname="CircularBufferTest" time="0.001"/>
  <testcase name="initialClearDoesNotAffectWrappingAround()" classname="CircularBufferTest" time="0.001"/>
  <testcase name="clearFreesUpCapacity()" classname="CircularBufferTest" time="0.0"/>
  <testcase name="overwriteDoesntRemoveAnAlreadyReadElement()" classname="CircularBufferTest" time="0.001"/>
  <testcase name="cantReadClearedItems()" classname="CircularBufferTest" time="0.001"/>
  <testcase name="readingFromEmptyBufferShouldThrowException()" classname="CircularBufferTest" time="0.001"/>
  <system-out><![CDATA[]]></system-out>
  <system-err><![CDATA[]]></system-err>
</testsuite>
