<?xml version="1.0" encoding="UTF-8"?>
<testsuite name="ScrabbleScoreTest" tests="11" skipped="0" failures="0" errors="0" timestamp="2025-07-14T10:37:40" hostname="MSI" time="0.066">
  <properties/>
  <testcase name="testAShortValuableWord()" classname="ScrabbleScoreTest" time="0.04"/>
  <testcase name="testEntireAlphabetAvailable()" classname="ScrabbleScoreTest" time="0.0"/>
  <testcase name="testAUpperCaseLetter()" classname="ScrabbleScoreTest" time="0.002"/>
  <testcase name="testALongMixCaseWord()" classname="ScrabbleScoreTest" time="0.002"/>
  <testcase name="testAEnglishLikeWord()" classname="ScrabbleScoreTest" time="0.001"/>
  <testcase name="testAValuableLetter()" classname="ScrabbleScoreTest" time="0.001"/>
  <testcase name="testALowerCaseLetter()" classname="ScrabbleScoreTest" time="0.002"/>
  <testcase name="testAMediumWord()" classname="ScrabbleScoreTest" time="0.001"/>
  <testcase name="testAnEmptyInput()" classname="ScrabbleScoreTest" time="0.001"/>
  <testcase name="testAShortWord()" classname="ScrabbleScoreTest" time="0.001"/>
  <testcase name="testAMediumValuableWord()" classname="ScrabbleScoreTest" time="0.001"/>
  <system-out><![CDATA[]]></system-out>
  <system-err><![CDATA[]]></system-err>
</testsuite>
