<?xml version="1.0" encoding="UTF-8"?>
<testsuite name="AnagramTest" tests="18" skipped="0" failures="0" errors="0" timestamp="2025-07-27T07:50:11" hostname="MSI" time="0.072">
  <properties/>
  <testcase name="testCaseInsensitiveWhenBothAnagramAndSubjectStartWithUpperCaseLetter()" classname="AnagramTest" time="0.04"/>
  <testcase name="testEliminateAnagramSubsets()" classname="AnagramTest" time="0.002"/>
  <testcase name="testAnagramMustUseAllLettersExactlyOnce()" classname="AnagramTest" time="0.001"/>
  <testcase name="testIdenticalWordRepeatedIsNotAnagram()" classname="AnagramTest" time="0.001"/>
  <testcase name="testWordsAreNotAnagramsOfThemselvesEvenIfLetterCaseIsCompletelyDifferent()" classname="AnagramTest" time="0.001"/>
  <testcase name="testDetectsMultipleAnagramsWithDifferentCase()" classname="AnagramTest" time="0.0"/>
  <testcase name="testDifferentCharactersWithSameBytes()" classname="AnagramTest" time="0.002"/>
  <testcase name="testWordsOtherThanThemselvesCanBeAnagrams()" classname="AnagramTest" time="0.0"/>
  <testcase name="testDetectMultipleAnagramsForLongerWord()" classname="AnagramTest" time="0.001"/>
  <testcase name="testHandlesCaseOfGreekLetters()" classname="AnagramTest" time="0.002"/>
  <testcase name="testWordsAreNotAnagramsOfThemselvesCaseInsensitive()" classname="AnagramTest" time="0.0"/>
  <testcase name="testDetectsTwoAnagrams()" classname="AnagramTest" time="0.001"/>
  <testcase name="testCaseInsensitiveWhenSubjectStartsWithUpperCaseLetter()" classname="AnagramTest" time="0.001"/>
  <testcase name="testCaseInsensitiveWhenAnagramStartsWithUpperCaseLetter()" classname="AnagramTest" time="0.001"/>
  <testcase name="testWordsAreNotAnagramsOfThemselvesEvenIfLetterCaseIsPartiallyDifferent()" classname="AnagramTest" time="0.001"/>
  <testcase name="testDetectLongerAnagram()" classname="AnagramTest" time="0.001"/>
  <testcase name="testNoMatches()" classname="AnagramTest" time="0.001"/>
  <testcase name="testEliminateAnagramsWithSameChecksum()" classname="AnagramTest" time="0.001"/>
  <system-out><![CDATA[]]></system-out>
  <system-err><![CDATA[]]></system-err>
</testsuite>
