<?xml version="1.0" encoding="UTF-8"?>
<testsuite name="SimpleLinkedListTest" tests="7" skipped="0" failures="0" errors="0" timestamp="2025-08-13T05:17:01" hostname="MSI" time="0.06">
  <properties/>
  <testcase name="canReturnListAsArray()" classname="SimpleLinkedListTest" time="0.039"/>
  <testcase name="reverseReversesList()" classname="SimpleLinkedListTest" time="0.003"/>
  <testcase name="canCreateFromArray()" classname="SimpleLinkedListTest" time="0.003"/>
  <testcase name="canReturnEmptyListAsEmptyArray()" classname="SimpleLinkedListTest" time="0.001"/>
  <testcase name="popOnEmptyListWillThrow()" classname="SimpleLinkedListTest" time="0.006"/>
  <testcase name="popReturnsLastAddedElement()" classname="SimpleLinkedListTest" time="0.0"/>
  <testcase name="aNewListIsEmpty()" classname="SimpleLinkedListTest" time="0.001"/>
  <system-out><![CDATA[]]></system-out>
  <system-err><![CDATA[]]></system-err>
</testsuite>
