<?xml version="1.0" encoding="UTF-8"?>
<testsuite name="TwoBucketTest" tests="9" skipped="0" failures="0" errors="0" timestamp="2025-08-31T01:48:56" hostname="MSI" time="0.062">
  <properties/>
  <testcase name="testGoalLargerThanBothBucketsIsImpossible()" classname="TwoBucketTest" time="0.038"/>
  <testcase name="testBucketOneSizeOneBucketTwoSizeThreeStartWithTwo()" classname="TwoBucketTest" time="0.007"/>
  <testcase name="testBucketOneSizeTwoBucketTwoSizeThreeStartWithOne()" classname="TwoBucketTest" time="0.001"/>
  <testcase name="testBucketOneSizeSixBucketTwoSizeFifteenStartWithOne()" classname="TwoBucketTest" time="0.001"/>
  <testcase name="testReachingGoalIsImpossible()" classname="TwoBucketTest" time="0.002"/>
  <testcase name="testBucketOneSizeSevenBucketTwoSizeElevenStartWithOne()" classname="TwoBucketTest" time="0.001"/>
  <testcase name="testBucketOneSizeSevenBucketTwoSizeElevenStartWithTwo()" classname="TwoBucketTest" time="0.002"/>
  <testcase name="testBucketOneSizeThreeBucketTwoSizeFiveStartWithOne()" classname="TwoBucketTest" time="0.0"/>
  <testcase name="testBucketOneSizeThreeBucketTwoSizeFiveStartWithTwo()" classname="TwoBucketTest" time="0.001"/>
  <system-out><![CDATA[]]></system-out>
  <system-err><![CDATA[]]></system-err>
</testsuite>
