<?xml version="1.0" encoding="UTF-8"?>
<testsuite name="FoodChainTest" tests="10" skipped="0" failures="0" errors="0" timestamp="2025-07-24T08:11:15" hostname="MSI" time="0.061">
  <properties/>
  <testcase name="spider()" classname="FoodChainTest" time="0.036"/>
  <testcase name="wholeSong()" classname="FoodChainTest" time="0.001"/>
  <testcase name="cat()" classname="FoodChainTest" time="0.001"/>
  <testcase name="cow()" classname="FoodChainTest" time="0.001"/>
  <testcase name="dog()" classname="FoodChainTest" time="0.003"/>
  <testcase name="fly()" classname="FoodChainTest" time="0.001"/>
  <testcase name="bird()" classname="FoodChainTest" time="0.001"/>
  <testcase name="goat()" classname="FoodChainTest" time="0.001"/>
  <testcase name="horse()" classname="FoodChainTest" time="0.001"/>
  <testcase name="multipleVerses()" classname="FoodChainTest" time="0.001"/>
  <system-out><![CDATA[]]></system-out>
  <system-err><![CDATA[]]></system-err>
</testsuite>
